\BOOKMARK [0][-]{chapter.1}{\376\377\000I\000n\000t\000r\000o\000d\000u\000c\000t\000i\000o\000n}{}% 1
\BOOKMARK [0][-]{chapter.2}{\376\377\000T\000o\000d\000o\000\040\000L\000i\000s\000t}{}% 2
\BOOKMARK [0][-]{chapter.3}{\376\377\000C\000l\000a\000s\000s\000\040\000I\000n\000d\000e\000x}{}% 3
\BOOKMARK [1][-]{section.3.1}{\376\377\000C\000l\000a\000s\000s\000\040\000L\000i\000s\000t}{chapter.3}% 4
\BOOKMARK [0][-]{chapter.4}{\376\377\000F\000i\000l\000e\000\040\000I\000n\000d\000e\000x}{}% 5
\BOOKMARK [1][-]{section.4.1}{\376\377\000F\000i\000l\000e\000\040\000L\000i\000s\000t}{chapter.4}% 6
\BOOKMARK [0][-]{chapter.5}{\376\377\000C\000l\000a\000s\000s\000\040\000D\000o\000c\000u\000m\000e\000n\000t\000a\000t\000i\000o\000n}{}% 7
\BOOKMARK [1][-]{section.5.1}{\376\377\000p\000g\000p\000r\000\137\000c\000h\000o\000l\000\040\000C\000l\000a\000s\000s\000\040\000R\000e\000f\000e\000r\000e\000n\000c\000e}{chapter.5}% 8
\BOOKMARK [2][-]{subsection.5.1.1}{\376\377\000D\000e\000t\000a\000i\000l\000e\000d\000\040\000D\000e\000s\000c\000r\000i\000p\000t\000i\000o\000n}{section.5.1}% 9
\BOOKMARK [2][-]{subsection.5.1.2}{\376\377\000C\000o\000n\000s\000t\000r\000u\000c\000t\000o\000r\000\040\000\046\000\040\000D\000e\000s\000t\000r\000u\000c\000t\000o\000r\000\040\000D\000o\000c\000u\000m\000e\000n\000t\000a\000t\000i\000o\000n}{section.5.1}% 10
\BOOKMARK [3][-]{subsubsection.5.1.2.1}{\376\377\000p\000g\000p\000r\000\137\000c\000h\000o\000l}{subsection.5.1.2}% 11
\BOOKMARK [2][-]{subsection.5.1.3}{\376\377\000M\000e\000m\000b\000e\000r\000\040\000F\000u\000n\000c\000t\000i\000o\000n\000\040\000D\000o\000c\000u\000m\000e\000n\000t\000a\000t\000i\000o\000n}{section.5.1}% 12
\BOOKMARK [3][-]{subsubsection.5.1.3.1}{\376\377\000e\000l\000s\000o\000l\000v\000e}{subsection.5.1.3}% 13
\BOOKMARK [3][-]{subsubsection.5.1.3.2}{\376\377\000i\000n\000v\000e\000r\000s\000e}{subsection.5.1.3}% 14
\BOOKMARK [3][-]{subsubsection.5.1.3.3}{\376\377\000l\000o\000g\000d\000e\000t}{subsection.5.1.3}% 15
\BOOKMARK [3][-]{subsubsection.5.1.3.4}{\376\377\000s\000o\000l\000v\000e}{subsection.5.1.3}% 16
\BOOKMARK [1][-]{section.5.2}{\376\377\000p\000g\000p\000r\000\137\000c\000l\000u\000s\000t\000e\000r\000\040\000C\000l\000a\000s\000s\000\040\000R\000e\000f\000e\000r\000e\000n\000c\000e}{chapter.5}% 17
\BOOKMARK [2][-]{subsection.5.2.1}{\376\377\000D\000e\000t\000a\000i\000l\000e\000d\000\040\000D\000e\000s\000c\000r\000i\000p\000t\000i\000o\000n}{section.5.2}% 18
\BOOKMARK [1][-]{section.5.3}{\376\377\000p\000g\000p\000r\000\137\000c\000o\000v\000\040\000C\000l\000a\000s\000s\000\040\000R\000e\000f\000e\000r\000e\000n\000c\000e}{chapter.5}% 19
\BOOKMARK [2][-]{subsection.5.3.1}{\376\377\000D\000e\000t\000a\000i\000l\000e\000d\000\040\000D\000e\000s\000c\000r\000i\000p\000t\000i\000o\000n}{section.5.3}% 20
\BOOKMARK [2][-]{subsection.5.3.2}{\376\377\000C\000o\000n\000s\000t\000r\000u\000c\000t\000o\000r\000\040\000\046\000\040\000D\000e\000s\000t\000r\000u\000c\000t\000o\000r\000\040\000D\000o\000c\000u\000m\000e\000n\000t\000a\000t\000i\000o\000n}{section.5.3}% 21
\BOOKMARK [3][-]{subsubsection.5.3.2.1}{\376\377\000p\000g\000p\000r\000\137\000c\000o\000v}{subsection.5.3.2}% 22
\BOOKMARK [2][-]{subsection.5.3.3}{\376\377\000M\000e\000m\000b\000e\000r\000\040\000D\000a\000t\000a\000\040\000D\000o\000c\000u\000m\000e\000n\000t\000a\000t\000i\000o\000n}{section.5.3}% 23
\BOOKMARK [3][-]{subsubsection.5.3.3.1}{\376\377\000d\000i\000m}{subsection.5.3.3}% 24
\BOOKMARK [3][-]{subsubsection.5.3.3.2}{\376\377\000l\000s\000c}{subsection.5.3.3}% 25
\BOOKMARK [3][-]{subsubsection.5.3.3.3}{\376\377\000m\000u}{subsection.5.3.3}% 26
\BOOKMARK [3][-]{subsubsection.5.3.3.4}{\376\377\000n\000o\000s}{subsection.5.3.3}% 27
\BOOKMARK [3][-]{subsubsection.5.3.3.5}{\376\377\000s\000i\000g}{subsection.5.3.3}% 28
\BOOKMARK [1][-]{section.5.4}{\376\377\000p\000g\000p\000r\000\137\000d\000a\000t\000a\000\040\000C\000l\000a\000s\000s\000\040\000R\000e\000f\000e\000r\000e\000n\000c\000e}{chapter.5}% 29
\BOOKMARK [2][-]{subsection.5.4.1}{\376\377\000D\000e\000t\000a\000i\000l\000e\000d\000\040\000D\000e\000s\000c\000r\000i\000p\000t\000i\000o\000n}{section.5.4}% 30
\BOOKMARK [2][-]{subsection.5.4.2}{\376\377\000C\000o\000n\000s\000t\000r\000u\000c\000t\000o\000r\000\040\000\046\000\040\000D\000e\000s\000t\000r\000u\000c\000t\000o\000r\000\040\000D\000o\000c\000u\000m\000e\000n\000t\000a\000t\000i\000o\000n}{section.5.4}% 31
\BOOKMARK [3][-]{subsubsection.5.4.2.1}{\376\377\000p\000g\000p\000r\000\137\000d\000a\000t\000a}{subsection.5.4.2}% 32
\BOOKMARK [2][-]{subsection.5.4.3}{\376\377\000M\000e\000m\000b\000e\000r\000\040\000F\000u\000n\000c\000t\000i\000o\000n\000\040\000D\000o\000c\000u\000m\000e\000n\000t\000a\000t\000i\000o\000n}{section.5.4}% 33
\BOOKMARK [3][-]{subsubsection.5.4.3.1}{\376\377\000g\000e\000t\000R\000a\000n\000d\000o\000m\000B\000l\000k}{subsection.5.4.3}% 34
\BOOKMARK [3][-]{subsubsection.5.4.3.2}{\376\377\000g\000e\000t\000R\000a\000n\000d\000o\000m\000W\000a\000l\000k}{subsection.5.4.3}% 35
\BOOKMARK [3][-]{subsubsection.5.4.3.3}{\376\377\000g\000e\000t\000T\000e\000s\000t\000S\000e\000t}{subsection.5.4.3}% 36
\BOOKMARK [3][-]{subsubsection.5.4.3.4}{\376\377\000g\000e\000t\000T\000r\000a\000i\000n\000S\000e\000t}{subsection.5.4.3}% 37
\BOOKMARK [3][-]{subsubsection.5.4.3.5}{\376\377\000s\000e\000l\000M\000a\000x\000V\000a\000r}{subsection.5.4.3}% 38
\BOOKMARK [1][-]{section.5.5}{\376\377\000p\000g\000p\000r\000\137\000d\000o\000m\000a\000i\000n\000\040\000C\000l\000a\000s\000s\000\040\000R\000e\000f\000e\000r\000e\000n\000c\000e}{chapter.5}% 39
\BOOKMARK [2][-]{subsection.5.5.1}{\376\377\000D\000e\000t\000a\000i\000l\000e\000d\000\040\000D\000e\000s\000c\000r\000i\000p\000t\000i\000o\000n}{section.5.5}% 40
\BOOKMARK [2][-]{subsection.5.5.2}{\376\377\000C\000o\000n\000s\000t\000r\000u\000c\000t\000o\000r\000\040\000\046\000\040\000D\000e\000s\000t\000r\000u\000c\000t\000o\000r\000\040\000D\000o\000c\000u\000m\000e\000n\000t\000a\000t\000i\000o\000n}{section.5.5}% 41
\BOOKMARK [3][-]{subsubsection.5.5.2.1}{\376\377\000p\000g\000p\000r\000\137\000d\000o\000m\000a\000i\000n}{subsection.5.5.2}% 42
\BOOKMARK [2][-]{subsection.5.5.3}{\376\377\000M\000e\000m\000b\000e\000r\000\040\000F\000u\000n\000c\000t\000i\000o\000n\000\040\000D\000o\000c\000u\000m\000e\000n\000t\000a\000t\000i\000o\000n}{section.5.5}% 43
\BOOKMARK [3][-]{subsubsection.5.5.3.1}{\376\377\000g\000e\000t\000A\000t\000t\000r}{subsection.5.5.3}% 44
\BOOKMARK [3][-]{subsubsection.5.5.3.2}{\376\377\000g\000e\000t\000D\000i\000s\000t}{subsection.5.5.3}% 45
\BOOKMARK [3][-]{subsubsection.5.5.3.3}{\376\377\000g\000e\000t\000N\000e\000i\000g\000h\000b\000o\000u\000r}{subsection.5.5.3}% 46
\BOOKMARK [3][-]{subsubsection.5.5.3.4}{\376\377\000s\000e\000l\000R\000a\000n\000d}{subsection.5.5.3}% 47
\BOOKMARK [1][-]{section.5.6}{\376\377\000p\000g\000p\000r\000\137\000f\000g\000p\000\040\000C\000l\000a\000s\000s\000\040\000R\000e\000f\000e\000r\000e\000n\000c\000e}{chapter.5}% 48
\BOOKMARK [2][-]{subsection.5.6.1}{\376\377\000D\000e\000t\000a\000i\000l\000e\000d\000\040\000D\000e\000s\000c\000r\000i\000p\000t\000i\000o\000n}{section.5.6}% 49
\BOOKMARK [1][-]{section.5.7}{\376\377\000p\000g\000p\000r\000\137\000m\000a\000t\000r\000i\000x\000<\000\040\000T\000\040\000>\000\040\000C\000l\000a\000s\000s\000\040\000T\000e\000m\000p\000l\000a\000t\000e\000\040\000R\000e\000f\000e\000r\000e\000n\000c\000e}{chapter.5}% 50
\BOOKMARK [2][-]{subsection.5.7.1}{\376\377\000D\000e\000t\000a\000i\000l\000e\000d\000\040\000D\000e\000s\000c\000r\000i\000p\000t\000i\000o\000n}{section.5.7}% 51
\BOOKMARK [1][-]{section.5.8}{\376\377\000p\000g\000p\000r\000\137\000p\000a\000r\000s\000e\000\040\000C\000l\000a\000s\000s\000\040\000R\000e\000f\000e\000r\000e\000n\000c\000e}{chapter.5}% 52
\BOOKMARK [2][-]{subsection.5.8.1}{\376\377\000D\000e\000t\000a\000i\000l\000e\000d\000\040\000D\000e\000s\000c\000r\000i\000p\000t\000i\000o\000n}{section.5.8}% 53
\BOOKMARK [2][-]{subsection.5.8.2}{\376\377\000C\000o\000n\000s\000t\000r\000u\000c\000t\000o\000r\000\040\000\046\000\040\000D\000e\000s\000t\000r\000u\000c\000t\000o\000r\000\040\000D\000o\000c\000u\000m\000e\000n\000t\000a\000t\000i\000o\000n}{section.5.8}% 54
\BOOKMARK [3][-]{subsubsection.5.8.2.1}{\376\377\000p\000g\000p\000r\000\137\000p\000a\000r\000s\000e}{subsection.5.8.2}% 55
\BOOKMARK [1][-]{section.5.9}{\376\377\000p\000g\000p\000r\000\137\000p\000i\000c\000\040\000C\000l\000a\000s\000s\000\040\000R\000e\000f\000e\000r\000e\000n\000c\000e}{chapter.5}% 56
\BOOKMARK [2][-]{subsection.5.9.1}{\376\377\000D\000e\000t\000a\000i\000l\000e\000d\000\040\000D\000e\000s\000c\000r\000i\000p\000t\000i\000o\000n}{section.5.9}% 57
\BOOKMARK [1][-]{section.5.10}{\376\377\000p\000g\000p\000r\000\137\000p\000i\000t\000c\000\040\000C\000l\000a\000s\000s\000\040\000R\000e\000f\000e\000r\000e\000n\000c\000e}{chapter.5}% 58
\BOOKMARK [2][-]{subsection.5.10.1}{\376\377\000D\000e\000t\000a\000i\000l\000e\000d\000\040\000D\000e\000s\000c\000r\000i\000p\000t\000i\000o\000n}{section.5.10}% 59
\BOOKMARK [1][-]{section.5.11}{\376\377\000p\000g\000p\000r\000\137\000p\000p\000i\000c\000\040\000C\000l\000a\000s\000s\000\040\000R\000e\000f\000e\000r\000e\000n\000c\000e}{chapter.5}% 60
\BOOKMARK [2][-]{subsection.5.11.1}{\376\377\000D\000e\000t\000a\000i\000l\000e\000d\000\040\000D\000e\000s\000c\000r\000i\000p\000t\000i\000o\000n}{section.5.11}% 61
\BOOKMARK [1][-]{section.5.12}{\376\377\000p\000g\000p\000r\000\137\000p\000p\000i\000t\000c\000\040\000C\000l\000a\000s\000s\000\040\000R\000e\000f\000e\000r\000e\000n\000c\000e}{chapter.5}% 62
\BOOKMARK [2][-]{subsection.5.12.1}{\376\377\000D\000e\000t\000a\000i\000l\000e\000d\000\040\000D\000e\000s\000c\000r\000i\000p\000t\000i\000o\000n}{section.5.12}% 63
\BOOKMARK [1][-]{section.5.13}{\376\377\000p\000g\000p\000r\000\137\000t\000i\000m\000e\000r\000\040\000C\000l\000a\000s\000s\000\040\000R\000e\000f\000e\000r\000e\000n\000c\000e}{chapter.5}% 64
\BOOKMARK [2][-]{subsection.5.13.1}{\376\377\000D\000e\000t\000a\000i\000l\000e\000d\000\040\000D\000e\000s\000c\000r\000i\000p\000t\000i\000o\000n}{section.5.13}% 65
\BOOKMARK [2][-]{subsection.5.13.2}{\376\377\000M\000e\000m\000b\000e\000r\000\040\000F\000u\000n\000c\000t\000i\000o\000n\000\040\000D\000o\000c\000u\000m\000e\000n\000t\000a\000t\000i\000o\000n}{section.5.13}% 66
\BOOKMARK [3][-]{subsubsection.5.13.2.1}{\376\377\000e\000n\000d}{subsection.5.13.2}% 67
\BOOKMARK [1][-]{section.5.14}{\376\377\000p\000g\000p\000r\000\137\000v\000e\000c\000t\000o\000r\000<\000\040\000T\000\040\000>\000\040\000C\000l\000a\000s\000s\000\040\000T\000e\000m\000p\000l\000a\000t\000e\000\040\000R\000e\000f\000e\000r\000e\000n\000c\000e}{chapter.5}% 68
\BOOKMARK [2][-]{subsection.5.14.1}{\376\377\000D\000e\000t\000a\000i\000l\000e\000d\000\040\000D\000e\000s\000c\000r\000i\000p\000t\000i\000o\000n}{section.5.14}% 69
\BOOKMARK [1][-]{section.5.15}{\376\377\000t\000\137\000c\000o\000m\000m\000a\000n\000d\000\137\000d\000e\000m\000o\000\040\000S\000t\000r\000u\000c\000t\000\040\000R\000e\000f\000e\000r\000e\000n\000c\000e}{chapter.5}% 70
\BOOKMARK [2][-]{subsection.5.15.1}{\376\377\000D\000e\000t\000a\000i\000l\000e\000d\000\040\000D\000e\000s\000c\000r\000i\000p\000t\000i\000o\000n}{section.5.15}% 71
\BOOKMARK [1][-]{section.5.16}{\376\377\000t\000\137\000c\000o\000m\000m\000a\000n\000d\000\137\000p\000r\000e\000p\000\040\000S\000t\000r\000u\000c\000t\000\040\000R\000e\000f\000e\000r\000e\000n\000c\000e}{chapter.5}% 72
\BOOKMARK [2][-]{subsection.5.16.1}{\376\377\000D\000e\000t\000a\000i\000l\000e\000d\000\040\000D\000e\000s\000c\000r\000i\000p\000t\000i\000o\000n}{section.5.16}% 73
\BOOKMARK [1][-]{section.5.17}{\376\377\000t\000\137\000g\000l\000o\000b\000a\000l\000\137\000s\000u\000m\000m\000a\000r\000y\000\040\000S\000t\000r\000u\000c\000t\000\040\000R\000e\000f\000e\000r\000e\000n\000c\000e}{chapter.5}% 74
\BOOKMARK [2][-]{subsection.5.17.1}{\376\377\000D\000e\000t\000a\000i\000l\000e\000d\000\040\000D\000e\000s\000c\000r\000i\000p\000t\000i\000o\000n}{section.5.17}% 75
\BOOKMARK [1][-]{section.5.18}{\376\377\000t\000\137\000l\000o\000c\000a\000l\000\137\000s\000u\000m\000m\000a\000r\000y\000\040\000S\000t\000r\000u\000c\000t\000\040\000R\000e\000f\000e\000r\000e\000n\000c\000e}{chapter.5}% 76
\BOOKMARK [2][-]{subsection.5.18.1}{\376\377\000D\000e\000t\000a\000i\000l\000e\000d\000\040\000D\000e\000s\000c\000r\000i\000p\000t\000i\000o\000n}{section.5.18}% 77
\BOOKMARK [1][-]{section.5.19}{\376\377\000t\000\137\000s\000t\000a\000t\000e\000\040\000S\000t\000r\000u\000c\000t\000\040\000R\000e\000f\000e\000r\000e\000n\000c\000e}{chapter.5}% 78
\BOOKMARK [2][-]{subsection.5.19.1}{\376\377\000D\000e\000t\000a\000i\000l\000e\000d\000\040\000D\000e\000s\000c\000r\000i\000p\000t\000i\000o\000n}{section.5.19}% 79
\BOOKMARK [2][-]{subsection.5.19.2}{\376\377\000C\000o\000n\000s\000t\000r\000u\000c\000t\000o\000r\000\040\000\046\000\040\000D\000e\000s\000t\000r\000u\000c\000t\000o\000r\000\040\000D\000o\000c\000u\000m\000e\000n\000t\000a\000t\000i\000o\000n}{section.5.19}% 80
\BOOKMARK [3][-]{subsubsection.5.19.2.1}{\376\377\000t\000\137\000s\000t\000a\000t\000e}{subsection.5.19.2}% 81
\BOOKMARK [2][-]{subsection.5.19.3}{\376\377\000M\000e\000m\000b\000e\000r\000\040\000F\000u\000n\000c\000t\000i\000o\000n\000\040\000D\000o\000c\000u\000m\000e\000n\000t\000a\000t\000i\000o\000n}{section.5.19}% 82
\BOOKMARK [3][-]{subsubsection.5.19.3.1}{\376\377\000g\000e\000t\000S\000t}{subsection.5.19.3}% 83
\BOOKMARK [3][-]{subsubsection.5.19.3.2}{\376\377\000i\000n\000i\000t}{subsection.5.19.3}% 84
\BOOKMARK [3][-]{subsubsection.5.19.3.3}{\376\377\000u\000p\000S\000t}{subsection.5.19.3}% 85
\BOOKMARK [0][-]{chapter.6}{\376\377\000F\000i\000l\000e\000\040\000D\000o\000c\000u\000m\000e\000n\000t\000a\000t\000i\000o\000n}{}% 86
\BOOKMARK [1][-]{section.6.1}{\376\377\000s\000r\000c\000/\000p\000g\000p\000r\000\137\000c\000h\000o\000l\000.\000h\000\040\000F\000i\000l\000e\000\040\000R\000e\000f\000e\000r\000e\000n\000c\000e}{chapter.6}% 87
\BOOKMARK [2][-]{subsection.6.1.1}{\376\377\000D\000e\000t\000a\000i\000l\000e\000d\000\040\000D\000e\000s\000c\000r\000i\000p\000t\000i\000o\000n}{section.6.1}% 88
\BOOKMARK [1][-]{section.6.2}{\376\377\000s\000r\000c\000/\000p\000g\000p\000r\000\137\000c\000l\000u\000s\000t\000e\000r\000.\000h\000\040\000F\000i\000l\000e\000\040\000R\000e\000f\000e\000r\000e\000n\000c\000e}{chapter.6}% 89
\BOOKMARK [2][-]{subsection.6.2.1}{\376\377\000D\000e\000t\000a\000i\000l\000e\000d\000\040\000D\000e\000s\000c\000r\000i\000p\000t\000i\000o\000n}{section.6.2}% 90
\BOOKMARK [1][-]{section.6.3}{\376\377\000s\000r\000c\000/\000p\000g\000p\000r\000\137\000c\000o\000v\000.\000h\000\040\000F\000i\000l\000e\000\040\000R\000e\000f\000e\000r\000e\000n\000c\000e}{chapter.6}% 91
\BOOKMARK [2][-]{subsection.6.3.1}{\376\377\000D\000e\000t\000a\000i\000l\000e\000d\000\040\000D\000e\000s\000c\000r\000i\000p\000t\000i\000o\000n}{section.6.3}% 92
\BOOKMARK [1][-]{section.6.4}{\376\377\000s\000r\000c\000/\000p\000g\000p\000r\000\137\000d\000a\000t\000a\000.\000h\000\040\000F\000i\000l\000e\000\040\000R\000e\000f\000e\000r\000e\000n\000c\000e}{chapter.6}% 93
\BOOKMARK [2][-]{subsection.6.4.1}{\376\377\000D\000e\000t\000a\000i\000l\000e\000d\000\040\000D\000e\000s\000c\000r\000i\000p\000t\000i\000o\000n}{section.6.4}% 94
\BOOKMARK [1][-]{section.6.5}{\376\377\000s\000r\000c\000/\000p\000g\000p\000r\000\137\000f\000g\000p\000.\000h\000\040\000F\000i\000l\000e\000\040\000R\000e\000f\000e\000r\000e\000n\000c\000e}{chapter.6}% 95
\BOOKMARK [2][-]{subsection.6.5.1}{\376\377\000D\000e\000t\000a\000i\000l\000e\000d\000\040\000D\000e\000s\000c\000r\000i\000p\000t\000i\000o\000n}{section.6.5}% 96
\BOOKMARK [1][-]{section.6.6}{\376\377\000s\000r\000c\000/\000p\000g\000p\000r\000\137\000p\000a\000r\000s\000e\000.\000h\000\040\000F\000i\000l\000e\000\040\000R\000e\000f\000e\000r\000e\000n\000c\000e}{chapter.6}% 97
\BOOKMARK [2][-]{subsection.6.6.1}{\376\377\000D\000e\000t\000a\000i\000l\000e\000d\000\040\000D\000e\000s\000c\000r\000i\000p\000t\000i\000o\000n}{section.6.6}% 98
\BOOKMARK [1][-]{section.6.7}{\376\377\000s\000r\000c\000/\000p\000g\000p\000r\000\137\000p\000i\000c\000.\000h\000\040\000F\000i\000l\000e\000\040\000R\000e\000f\000e\000r\000e\000n\000c\000e}{chapter.6}% 99
\BOOKMARK [2][-]{subsection.6.7.1}{\376\377\000D\000e\000t\000a\000i\000l\000e\000d\000\040\000D\000e\000s\000c\000r\000i\000p\000t\000i\000o\000n}{section.6.7}% 100
\BOOKMARK [1][-]{section.6.8}{\376\377\000s\000r\000c\000/\000p\000g\000p\000r\000\137\000p\000i\000t\000c\000.\000h\000\040\000F\000i\000l\000e\000\040\000R\000e\000f\000e\000r\000e\000n\000c\000e}{chapter.6}% 101
\BOOKMARK [2][-]{subsection.6.8.1}{\376\377\000D\000e\000t\000a\000i\000l\000e\000d\000\040\000D\000e\000s\000c\000r\000i\000p\000t\000i\000o\000n}{section.6.8}% 102
\BOOKMARK [1][-]{section.6.9}{\376\377\000s\000r\000c\000/\000p\000g\000p\000r\000\137\000p\000p\000i\000c\000.\000h\000\040\000F\000i\000l\000e\000\040\000R\000e\000f\000e\000r\000e\000n\000c\000e}{chapter.6}% 103
\BOOKMARK [2][-]{subsection.6.9.1}{\376\377\000D\000e\000t\000a\000i\000l\000e\000d\000\040\000D\000e\000s\000c\000r\000i\000p\000t\000i\000o\000n}{section.6.9}% 104
\BOOKMARK [1][-]{section.6.10}{\376\377\000s\000r\000c\000/\000p\000g\000p\000r\000\137\000p\000p\000i\000t\000c\000.\000h\000\040\000F\000i\000l\000e\000\040\000R\000e\000f\000e\000r\000e\000n\000c\000e}{chapter.6}% 105
\BOOKMARK [2][-]{subsection.6.10.1}{\376\377\000D\000e\000t\000a\000i\000l\000e\000d\000\040\000D\000e\000s\000c\000r\000i\000p\000t\000i\000o\000n}{section.6.10}% 106
\BOOKMARK [1][-]{section.6.11}{\376\377\000s\000r\000c\000/\000p\000g\000p\000r\000\137\000t\000y\000p\000e\000.\000h\000\040\000F\000i\000l\000e\000\040\000R\000e\000f\000e\000r\000e\000n\000c\000e}{chapter.6}% 107
\BOOKMARK [2][-]{subsection.6.11.1}{\376\377\000D\000e\000t\000a\000i\000l\000e\000d\000\040\000D\000e\000s\000c\000r\000i\000p\000t\000i\000o\000n}{section.6.11}% 108
\BOOKMARK [1][-]{section.6.12}{\376\377\000s\000r\000c\000/\000p\000g\000p\000r\000\137\000u\000t\000i\000l\000.\000h\000\040\000F\000i\000l\000e\000\040\000R\000e\000f\000e\000r\000e\000n\000c\000e}{chapter.6}% 109
\BOOKMARK [2][-]{subsection.6.12.1}{\376\377\000D\000e\000t\000a\000i\000l\000e\000d\000\040\000D\000e\000s\000c\000r\000i\000p\000t\000i\000o\000n}{section.6.12}% 110
\BOOKMARK [2][-]{subsection.6.12.2}{\376\377\000M\000a\000c\000r\000o\000\040\000D\000e\000f\000i\000n\000i\000t\000i\000o\000n\000\040\000D\000o\000c\000u\000m\000e\000n\000t\000a\000t\000i\000o\000n}{section.6.12}% 111
\BOOKMARK [3][-]{subsubsection.6.12.2.1}{\376\377\000p\000m\000a\000t}{subsection.6.12.2}% 112
\BOOKMARK [3][-]{subsubsection.6.12.2.2}{\376\377\000p\000m\000a\000t\000\137\000p\000o\000s}{subsection.6.12.2}% 113
\BOOKMARK [3][-]{subsubsection.6.12.2.3}{\376\377\000p\000m\000a\000t\000\137\000r}{subsection.6.12.2}% 114
\BOOKMARK [3][-]{subsubsection.6.12.2.4}{\376\377\000p\000m\000a\000t\000\137\000s}{subsection.6.12.2}% 115
\BOOKMARK [3][-]{subsubsection.6.12.2.5}{\376\377\000p\000v\000e\000c}{subsection.6.12.2}% 116
\BOOKMARK [3][-]{subsubsection.6.12.2.6}{\376\377\000p\000v\000e\000c\000\137\000r}{subsection.6.12.2}% 117
\BOOKMARK [3][-]{subsubsection.6.12.2.7}{\376\377\000p\000v\000e\000c\000\137\000s}{subsection.6.12.2}% 118
\BOOKMARK [-1][-]{section*.53}{\376\377\000I\000n\000d\000e\000x}{}% 119
